c:\users\lx\desktop\王顺通\ueyesimpletrigger\x64\debug\ueyesimpletrigger.pch
c:\users\lx\desktop\王顺通\ueyesimpletrigger\x64\debug\vc120.pdb
c:\users\lx\desktop\王顺通\ueyesimpletrigger\x64\debug\stdafx.obj
c:\users\lx\desktop\王顺通\ueyesimpletrigger\x64\debug\ueyesimpletriggerdlg.obj
c:\users\lx\desktop\王顺通\ueyesimpletrigger\x64\debug\ueyesimpletrigger.obj
c:\users\lys\desktop\新建文件夹\ueyesimpletrigger\x64\debug\ueyesimpletrigger.pch
c:\users\lys\desktop\新建文件夹\ueyesimpletrigger\x64\debug\vc120.pdb
c:\users\lys\desktop\新建文件夹\ueyesimpletrigger\x64\debug\stdafx.obj
c:\users\lx\desktop\王顺通\ueyesimpletrigger\x64\debug\ueyesimpletrigger.ilk
c:\users\lx\desktop\王顺通\ueyesimpletrigger\x64\debug\ueyesimpletrigger.exe
c:\users\lx\desktop\王顺通\ueyesimpletrigger\x64\debug\ueyesimpletrigger.pdb
c:\users\lx\desktop\王顺通\ueyesimpletrigger\x64\debug\ueyesimpletrigger.res
c:\users\lys\desktop\新建文件夹\ueyesimpletrigger\x64\debug\ueyesimpletrigger.ilk
c:\users\lys\desktop\新建文件夹\ueyesimpletrigger\x64\debug\ueyesimpletrigger.res
c:\users\lys\desktop\新建文件夹\ueyesimpletrigger\x64\debug\ueyesimpletrigger.pdb
c:\users\lys\desktop\新建文件夹\ueyesimpletrigger\x64\debug\ueyesimpletrigger.exe
c:\users\lys\desktop\新建文件夹\ueyesimpletrigger\x64\debug\ueyesimp.41d618b6.tlog\cl.command.1.tlog
c:\users\lys\desktop\新建文件夹\ueyesimpletrigger\x64\debug\ueyesimp.41d618b6.tlog\cl.read.1.tlog
c:\users\lys\desktop\新建文件夹\ueyesimpletrigger\x64\debug\ueyesimp.41d618b6.tlog\cl.write.1.tlog
c:\users\lys\desktop\新建文件夹\ueyesimpletrigger\x64\debug\ueyesimp.41d618b6.tlog\link.command.1.tlog
c:\users\lys\desktop\新建文件夹\ueyesimpletrigger\x64\debug\ueyesimp.41d618b6.tlog\link.read.1.tlog
c:\users\lys\desktop\新建文件夹\ueyesimpletrigger\x64\debug\ueyesimp.41d618b6.tlog\link.write.1.tlog
c:\users\lys\desktop\新建文件夹\ueyesimpletrigger\x64\debug\ueyesimp.41d618b6.tlog\rc.command.1.tlog
c:\users\lys\desktop\新建文件夹\ueyesimpletrigger\x64\debug\ueyesimp.41d618b6.tlog\rc.read.1.tlog
c:\users\lys\desktop\新建文件夹\ueyesimpletrigger\x64\debug\ueyesimp.41d618b6.tlog\rc.write.1.tlog
