f:\ueyesimpletrigger\win32\debug\ueyesimpletrigger.pch
f:\ueyesimpletrigger\win32\debug\vc120.pdb
f:\ueyesimpletrigger\win32\debug\stdafx.obj
f:\ueyesimpletrigger\win32\debug\ueyesimpletriggerdlg.obj
f:\ueyesimpletrigger\win32\debug\ueyesimpletrigger.obj
f:\ueyesimpletrigger\win32\debug\ueyesimpletrigger.res
f:\ueyesimpletrigger\win32\debug\ueyesimpletrigger.pdb
f:\ueyesimpletrigger\win32\debug\ueyesimp.41d618b6.tlog\cl.command.1.tlog
f:\ueyesimpletrigger\win32\debug\ueyesimp.41d618b6.tlog\cl.read.1.tlog
f:\ueyesimpletrigger\win32\debug\ueyesimp.41d618b6.tlog\cl.write.1.tlog
f:\ueyesimpletrigger\win32\debug\ueyesimp.41d618b6.tlog\link-cvtres.read.1.tlog
f:\ueyesimpletrigger\win32\debug\ueyesimp.41d618b6.tlog\link-cvtres.write.1.tlog
f:\ueyesimpletrigger\win32\debug\ueyesimp.41d618b6.tlog\link-mt.read.1.tlog
f:\ueyesimpletrigger\win32\debug\ueyesimp.41d618b6.tlog\link-mt.write.1.tlog
f:\ueyesimpletrigger\win32\debug\ueyesimp.41d618b6.tlog\link-rc.read.1.tlog
f:\ueyesimpletrigger\win32\debug\ueyesimp.41d618b6.tlog\link-rc.write.1.tlog
f:\ueyesimpletrigger\win32\debug\ueyesimp.41d618b6.tlog\link.command.1.tlog
f:\ueyesimpletrigger\win32\debug\ueyesimp.41d618b6.tlog\link.read.1.tlog
f:\ueyesimpletrigger\win32\debug\ueyesimp.41d618b6.tlog\link.write.1.tlog
f:\ueyesimpletrigger\win32\debug\ueyesimp.41d618b6.tlog\rc.command.1.tlog
f:\ueyesimpletrigger\win32\debug\ueyesimp.41d618b6.tlog\rc.read.1.tlog
f:\ueyesimpletrigger\win32\debug\ueyesimp.41d618b6.tlog\rc.write.1.tlog
