f:\ueyesimpletrigger\win32\release\ueyesimpletrigger.pch
f:\ueyesimpletrigger\win32\release\vc120.pdb
f:\ueyesimpletrigger\win32\release\stdafx.obj
f:\ueyesimpletrigger\win32\release\ueyesimpletriggerdlg.obj
f:\ueyesimpletrigger\win32\release\ueyesimpletrigger.obj
g:\visual studio 2013\ueyesimpletrigger\win32\release\ueyesimpletrigger.pch
g:\visual studio 2013\ueyesimpletrigger\win32\release\vc120.pdb
g:\visual studio 2013\ueyesimpletrigger\win32\release\stdafx.obj
g:\visual studio 2013\ueyesimpletrigger\win32\release\ueyesimpletrigger.obj
g:\visual studio 2013\ueyesimpletrigger\win32\release\ueyesimpletriggerdlg.obj
f:\ueyesimpletrigger\win32\release\ueyesimpletrigger.res
g:\visual studio 2013\ueyesimpletrigger\win32\release\ueyesimpletrigger.res
g:\visual studio 2013\ueyesimpletrigger\win32\release\ueyesimpletrigger.pdb
g:\visual studio 2013\ueyesimpletrigger\win32\release\ueyesimp.41d618b6.tlog\cl.command.1.tlog
g:\visual studio 2013\ueyesimpletrigger\win32\release\ueyesimp.41d618b6.tlog\cl.read.1.tlog
g:\visual studio 2013\ueyesimpletrigger\win32\release\ueyesimp.41d618b6.tlog\cl.write.1.tlog
g:\visual studio 2013\ueyesimpletrigger\win32\release\ueyesimp.41d618b6.tlog\link-cvtres.read.1.tlog
g:\visual studio 2013\ueyesimpletrigger\win32\release\ueyesimp.41d618b6.tlog\link-cvtres.write.1.tlog
g:\visual studio 2013\ueyesimpletrigger\win32\release\ueyesimp.41d618b6.tlog\link-mt.read.1.tlog
g:\visual studio 2013\ueyesimpletrigger\win32\release\ueyesimp.41d618b6.tlog\link-mt.write.1.tlog
g:\visual studio 2013\ueyesimpletrigger\win32\release\ueyesimp.41d618b6.tlog\link-rc.read.1.tlog
g:\visual studio 2013\ueyesimpletrigger\win32\release\ueyesimp.41d618b6.tlog\link-rc.write.1.tlog
g:\visual studio 2013\ueyesimpletrigger\win32\release\ueyesimp.41d618b6.tlog\link.14012-cvtres.read.1.tlog
g:\visual studio 2013\ueyesimpletrigger\win32\release\ueyesimp.41d618b6.tlog\link.14012-cvtres.write.1.tlog
g:\visual studio 2013\ueyesimpletrigger\win32\release\ueyesimp.41d618b6.tlog\link.14012-mt.read.1.tlog
g:\visual studio 2013\ueyesimpletrigger\win32\release\ueyesimp.41d618b6.tlog\link.14012-mt.write.1.tlog
g:\visual studio 2013\ueyesimpletrigger\win32\release\ueyesimp.41d618b6.tlog\link.14012-rc.read.1.tlog
g:\visual studio 2013\ueyesimpletrigger\win32\release\ueyesimp.41d618b6.tlog\link.14012-rc.write.1.tlog
g:\visual studio 2013\ueyesimpletrigger\win32\release\ueyesimp.41d618b6.tlog\link.14012.read.1.tlog
g:\visual studio 2013\ueyesimpletrigger\win32\release\ueyesimp.41d618b6.tlog\link.14012.write.1.tlog
g:\visual studio 2013\ueyesimpletrigger\win32\release\ueyesimp.41d618b6.tlog\link.command.1.tlog
g:\visual studio 2013\ueyesimpletrigger\win32\release\ueyesimp.41d618b6.tlog\link.read.1.tlog
g:\visual studio 2013\ueyesimpletrigger\win32\release\ueyesimp.41d618b6.tlog\link.write.1.tlog
g:\visual studio 2013\ueyesimpletrigger\win32\release\ueyesimp.41d618b6.tlog\rc.command.1.tlog
g:\visual studio 2013\ueyesimpletrigger\win32\release\ueyesimp.41d618b6.tlog\rc.read.1.tlog
g:\visual studio 2013\ueyesimpletrigger\win32\release\ueyesimp.41d618b6.tlog\rc.write.1.tlog
